<?xml version="1.0" encoding="UTF-8"?>
<testng-results ignored="0" total="1" passed="1" failed="0" skipped="0">
  <reporter-output>
  </reporter-output>
  <suite started-at="2023-02-12T19:51:54 IST" name="Default suite" finished-at="2023-02-12T19:53:15 IST" duration-ms="81123">
    <groups>
    </groups>
    <test started-at="2023-02-12T19:51:54 IST" name="Default test" finished-at="2023-02-12T19:53:15 IST" duration-ms="81123">
      <class name="com.simplilearn.Phase4_FlipkartProject.FlipkartApp">
        <test-method is-config="true" signature="launchApp()[pri:0, instance:com.simplilearn.Phase4_FlipkartProject.FlipkartApp@194bcebf]" started-at="2023-02-12T19:51:54 IST" name="launchApp" finished-at="2023-02-12T19:52:06 IST" duration-ms="12483" status="PASS">
          <reporter-output>
          </reporter-output>
        </test-method> <!-- launchApp -->
        <test-method signature="FlipkartOderSummary()[pri:0, instance:com.simplilearn.Phase4_FlipkartProject.FlipkartApp@194bcebf]" started-at="2023-02-12T19:52:06 IST" name="FlipkartOderSummary" finished-at="2023-02-12T19:53:15 IST" duration-ms="68558" status="PASS">
          <reporter-output>
          </reporter-output>
        </test-method> <!-- FlipkartOderSummary -->
      </class> <!-- com.simplilearn.Phase4_FlipkartProject.FlipkartApp -->
    </test> <!-- Default test -->
  </suite> <!-- Default suite -->
</testng-results>
